{"content": {"suites": {"0": {"status": {"total_pass": 1, "total_skip": 0, "total_xpass": 0, "total_xfail": 0, "total_rerun": 0, "total_fail": 0, "total_error": 2}, "tests": {"0": {"status": "ERROR", "message": "file C:\\Users\\neeraj\\NeerajPycharmProjects\\PytestUsageDemo\\test_fixture_example.py, line 13\n  @mark.fixture_example\n  def test_second(connect_db):\nE       fixture 'connect_db' not found\n>       available fixtures: cache, capfd, capfdbinary, caplog, capsys, capsysbinary, doctest_namespace, extra, include_metadata_in_junit_xml, metadata, monkeypatch, pytestconfig, record_property, record_testsuite_property, record_xml_attribute, recwarn, test_first, tmp_path, tmp_path_factory, tmpdir, tmpdir_factory\n>       use 'pytest --fixtures [testpath]' for help on them.\n\nC:\\Users\\neeraj\\NeerajPycharmProjects\\PytestUsageDemo\\test_fixture_example.py:13\n", "test_name": "test_second", "rerun": "0"}, "1": {"status": "ERROR", "message": "file C:\\Users\\neeraj\\NeerajPycharmProjects\\PytestUsageDemo\\test_fixture_example.py, line 18\n  @mark.fixture_example\n  def test_third(connect_db):\nE       fixture 'connect_db' not found\n>       available fixtures: cache, capfd, capfdbinary, caplog, capsys, capsysbinary, doctest_namespace, extra, include_metadata_in_junit_xml, metadata, monkeypatch, pytestconfig, record_property, record_testsuite_property, record_xml_attribute, recwarn, test_first, tmp_path, tmp_path_factory, tmpdir, tmpdir_factory\n>       use 'pytest --fixtures [testpath]' for help on them.\n\nC:\\Users\\neeraj\\NeerajPycharmProjects\\PytestUsageDemo\\test_fixture_example.py:18\n", "test_name": "test_third", "rerun": "0"}, "2": {"status": "PASS", "message": "", "test_name": "test_fourth", "rerun": "0"}}, "suite_name": "test_fixture_example.py"}, "1": {"suite_name": "cart/test_cart.py", "tests": {"0": {"status": "PASS", "message": "", "test_name": "test_cart_first", "rerun": "0"}, "1": {"status": "FAIL", "message": "   AssertionError: assert 'i am' == 'I am a QA'\n     - I am a QA\n     + i am\n", "test_name": "test_cart_second", "rerun": "0"}, "2": {"status": "FAIL", "message": "   AssertionError: assert 'This is' == 'This test will be failed'\n     - This test will be failed\n     + This is\n", "test_name": "test_cart_third", "rerun": "0"}}, "status": {"total_pass": 1, "total_skip": 0, "total_xpass": 0, "total_xfail": 0, "total_rerun": 0, "total_fail": 2, "total_error": 0}}, "2": {"suite_name": "product/test_product.py", "tests": {"0": {"status": "FAIL", "message": "   assert [1, 2] == [1, 2, 3]\n     Right contains one more item: 3\n     Full diff:\n     - [1, 2, 3]\n     ?      ---\n     + [1, 2]\n", "test_name": "test_product_first", "rerun": "0"}, "1": {"status": "FAIL", "message": "   AssertionError: assert 'i am a QA' == 'I am a QA'\n     - I am a QA\n     ? ^\n     + i am a QA\n     ? ^\n", "test_name": "test_product_second", "rerun": "0"}, "2": {"status": "FAIL", "message": "   AssertionError: assert 'This is' == 'This test will be failed'\n     - This test will be failed\n     + This is\n", "test_name": "test_product_third", "rerun": "0"}}, "status": {"total_pass": 0, "total_skip": 0, "total_xpass": 0, "total_xfail": 0, "total_rerun": 0, "total_fail": 3, "total_error": 0}}, "3": {"suite_name": "search/test_search.py", "tests": {"0": {"status": "FAIL", "message": "   assert [1, 2] == [1, 2, 3]\n     Right contains one more item: 3\n     Full diff:\n     - [1, 2, 3]\n     ?      ---\n     + [1, 2]\n", "test_name": "test_search_getstarted", "rerun": "0"}, "1": {"status": "FAIL", "message": "   AssertionError: assert 'i am a QA' == 'I am a QA'\n     - I am a QA\n     ? ^\n     + i am a QA\n     ? ^\n", "test_name": "test_search_yatra", "rerun": "0"}, "2": {"status": "SKIP", "message": "('C:\\\\Users\\\\neeraj\\\\NeerajPycharmProjects\\\\PytestUsageDemo\\\\search\\\\test_search.py', 14, 'Skipped')", "test_name": "test_search_Demo", "rerun": "0"}}, "status": {"total_pass": 0, "total_skip": 1, "total_xpass": 0, "total_xfail": 0, "total_rerun": 0, "total_fail": 2, "total_error": 0}}}}, "date": "March 08, 2021", "start_time": 1615202635, "total_suite": 4, "status": "FAIL", "status_list": {"pass": "2", "fail": "7", "skip": "1", "error": "2", "xpass": "0", "xfail": "0", "rerun": "0"}, "total_tests": "12"}