<?xml version="1.0" encoding="utf-8"?><testsuites><testsuite name="pytest" errors="0" failures="0" skipped="0" tests="4" time="46.066" timestamp="2021-02-08T01:57:22.034504" hostname="DESKTOP-I8OM9FR"><testcase classname="test_ExcelHomePage.TestHomePage" name="test_homePage[getData0]" time="11.167" /><testcase classname="test_HomePage.TestHomePage" name="test_homePage[getData0]" time="10.729" /><testcase classname="test_HomePage.TestHomePage" name="test_homePage[getData1]" time="1.753" /><testcase classname="test_e2e.TestOne" name="test_e2e" time="20.644" /></testsuite></testsuites>